{"summary": {"n_tests": 6, "Pass": 2, "Failed": 3, "Warning": 0, "Error": 1}, "tests": [{"name": "Arrays", "doc": "Checks differences between arrays", "module": "Example", "result": "Failed", "diagnosis": {"type": "AssertionError", "description": "the arrays should be different but aren't", "place": "assert a == b, \"the arrays should be different but aren't\""}}, {"name": "Something else", "doc": "This is another that fails", "module": "Example", "result": "Failed", "diagnosis": {"type": "AssertionError", "description": "this other test is a fail case", "place": "assert a == b, \"this other test is a fail case\""}}, {"name": "This other thing", "doc": "This one also fails", "module": "Example", "result": "Failed", "diagnosis": {"type": "AssertionError", "description": "this test should be failing", "place": "assert a == b, \"this test should be failing\""}}, {"name": "Username", "doc": "", "module": "Example", "result": "Error", "diagnosis": {"type": "TypeError", "description": "test_username() missing 1 required positional argument: 'username'", "place": "routine()"}}]}